<?xml version="1.0" encoding="UTF-8"?>
<!-- Generated by org.testng.reporters.JUnitXMLReporter -->
<testsuite hostname="SUNNY-PC" name="Test" tests="3" failures="0" timestamp="18 Sep 2016 12:07:39 GMT" time="48.315" errors="0">
  <testcase name="verifyFacebookLoginPageDisplay" time="4.471" classname="TestWG.verifyFaceBookLoginpage"/>
  <testcase name="LoginIntoThePage" time="13.634" classname="TestWG.verifyLoginFunctionality"/>
  <testcase name="LoginForgotPassword" time="1.795" classname="TestWG.verifyForotPassword"/>
</testsuite> <!-- Test -->
