<?xml version="1.0" encoding="UTF-8"?>
<testng-results skipped="0" failed="0" total="3" passed="3">
  <reporter-output>
  </reporter-output>
  <suite name="Suite" duration-ms="48315" started-at="2016-09-18T12:06:50Z" finished-at="2016-09-18T12:07:38Z">
    <groups>
    </groups>
    <test name="Test" duration-ms="48315" started-at="2016-09-18T12:06:50Z" finished-at="2016-09-18T12:07:38Z">
      <class name="TestWG.verifyFaceBookLoginpage">
        <test-method status="PASS" signature="OpenBrowser(java.lang.String, java.lang.String, java.lang.String, java.lang.String)[pri:0, instance:TestWG.verifyFaceBookLoginpage@1624da6]" name="OpenBrowser" is-config="true" duration-ms="19678" started-at="2016-09-18T17:36:50Z" finished-at="2016-09-18T17:37:10Z">
          <params>
            <param index="0">
              <value>
                <![CDATA[chrome]]>
              </value>
            </param>
            <param index="1">
              <value>
                <![CDATA[https://www.facebook.com/]]>
              </value>
            </param>
            <param index="2">
              <value>
                <![CDATA[false]]>
              </value>
            </param>
            <param index="3">
              <value>
                <![CDATA[52.0]]>
              </value>
            </param>
          </params>
          <reporter-output>
          </reporter-output>
        </test-method> <!-- OpenBrowser -->
        <test-method status="PASS" signature="verifyFacebookLoginPageDisplay()[pri:0, instance:TestWG.verifyFaceBookLoginpage@1624da6]" name="verifyFacebookLoginPageDisplay" duration-ms="4471" started-at="2016-09-18T17:37:10Z" finished-at="2016-09-18T17:37:14Z">
          <reporter-output>
          </reporter-output>
        </test-method> <!-- verifyFacebookLoginPageDisplay -->
        <test-method status="PASS" signature="teardown()[pri:0, instance:TestWG.verifyFaceBookLoginpage@1624da6]" name="teardown" is-config="true" duration-ms="6083" started-at="2016-09-18T17:37:32Z" finished-at="2016-09-18T17:37:38Z">
          <reporter-output>
          </reporter-output>
        </test-method> <!-- teardown -->
      </class> <!-- TestWG.verifyFaceBookLoginpage -->
      <class name="TestWG.verifyLoginFunctionality">
        <test-method status="PASS" signature="LoginIntoThePage()[pri:0, instance:TestWG.verifyLoginFunctionality@1a03464]" name="LoginIntoThePage" duration-ms="13634" started-at="2016-09-18T17:37:17Z" finished-at="2016-09-18T17:37:30Z">
          <reporter-output>
          </reporter-output>
        </test-method> <!-- LoginIntoThePage -->
      </class> <!-- TestWG.verifyLoginFunctionality -->
      <class name="TestWG.verifyForotPassword">
        <test-method status="PASS" signature="LoginForgotPassword()[pri:0, instance:TestWG.verifyForotPassword@13fcdbd]" name="LoginForgotPassword" duration-ms="1795" started-at="2016-09-18T17:37:30Z" finished-at="2016-09-18T17:37:32Z">
          <reporter-output>
          </reporter-output>
        </test-method> <!-- LoginForgotPassword -->
      </class> <!-- TestWG.verifyForotPassword -->
    </test> <!-- Test -->
  </suite> <!-- Suite -->
</testng-results>
